<?xml version="1.0" encoding="UTF-8"?>
<coverage generated="1725437166930" clover="3.2.0">
  <project timestamp="1725437166930" name="All files">
    <metrics statements="139" coveredstatements="139" conditionals="18" coveredconditionals="18" methods="45" coveredmethods="45" elements="202" coveredelements="202" complexity="0" loc="139" ncloc="139" packages="4" files="13" classes="13"/>
    <package name="src">
      <metrics statements="6" coveredstatements="6" conditionals="0" coveredconditionals="0" methods="1" coveredmethods="1"/>
      <file name="App.tsx" path="/Users/lctoan/projects/timeline-challenge/src/App.tsx">
        <metrics statements="1" coveredstatements="1" conditionals="0" coveredconditionals="0" methods="1" coveredmethods="1"/>
        <line num="4" count="1" type="stmt"/>
      </file>
      <file name="constants.ts" path="/Users/lctoan/projects/timeline-challenge/src/constants.ts">
        <metrics statements="5" coveredstatements="5" conditionals="0" coveredconditionals="0" methods="0" coveredmethods="0"/>
        <line num="1" count="11" type="stmt"/>
        <line num="2" count="11" type="stmt"/>
        <line num="3" count="11" type="stmt"/>
        <line num="5" count="11" type="stmt"/>
        <line num="12" count="11" type="stmt"/>
      </file>
    </package>
    <package name="src.Timeline">
      <metrics statements="110" coveredstatements="110" conditionals="14" coveredconditionals="14" methods="31" coveredmethods="31"/>
      <file name="KeyframeList.tsx" path="/Users/lctoan/projects/timeline-challenge/src/Timeline/KeyframeList.tsx">
        <metrics statements="4" coveredstatements="4" conditionals="0" coveredconditionals="0" methods="2" coveredmethods="2"/>
        <line num="7" count="3" type="stmt"/>
        <line num="9" count="3" type="stmt"/>
        <line num="16" count="30" type="stmt"/>
        <line num="23" count="3" type="stmt"/>
      </file>
      <file name="NumberInput.tsx" path="/Users/lctoan/projects/timeline-challenge/src/Timeline/NumberInput.tsx">
        <metrics statements="52" coveredstatements="52" conditionals="14" coveredconditionals="14" methods="11" coveredmethods="11"/>
        <line num="27" count="4" type="stmt"/>
        <line num="28" count="29" type="stmt"/>
        <line num="30" count="29" type="cond" truecount="2" falsecount="0"/>
        <line num="31" count="1" type="stmt"/>
        <line num="34" count="29" type="cond" truecount="2" falsecount="0"/>
        <line num="36" count="29" type="cond" truecount="2" falsecount="0"/>
        <line num="37" count="29" type="stmt"/>
        <line num="40" count="9" type="stmt"/>
        <line num="42" count="4" type="stmt"/>
        <line num="50" count="69" type="stmt"/>
        <line num="51" count="69" type="stmt"/>
        <line num="53" count="69" type="stmt"/>
        <line num="54" count="29" type="stmt"/>
        <line num="55" count="29" type="stmt"/>
        <line num="56" count="29" type="stmt"/>
        <line num="59" count="69" type="stmt"/>
        <line num="60" count="15" type="stmt"/>
        <line num="61" count="69" type="stmt"/>
        <line num="63" count="69" type="stmt"/>
        <line num="64" count="26" type="stmt"/>
        <line num="65" count="26" type="cond" truecount="4" falsecount="0"/>
        <line num="68" count="6" type="stmt"/>
        <line num="69" count="6" type="stmt"/>
        <line num="70" count="6" type="stmt"/>
        <line num="73" count="1" type="stmt"/>
        <line num="74" count="1" type="stmt"/>
        <line num="75" count="1" type="stmt"/>
        <line num="79" count="1" type="stmt"/>
        <line num="80" count="1" type="stmt"/>
        <line num="81" count="1" type="stmt"/>
        <line num="85" count="69" type="stmt"/>
        <line num="86" count="1" type="stmt"/>
        <line num="87" count="1" type="stmt"/>
        <line num="88" count="1" type="stmt"/>
        <line num="89" count="1" type="stmt"/>
        <line num="90" count="1" type="stmt"/>
        <line num="94" count="69" type="stmt"/>
        <line num="95" count="18" type="stmt"/>
        <line num="96" count="18" type="stmt"/>
        <line num="99" count="69" type="stmt"/>
        <line num="100" count="20" type="stmt"/>
        <line num="101" count="20" type="stmt"/>
        <line num="102" count="20" type="cond" truecount="2" falsecount="0"/>
        <line num="103" count="1" type="stmt"/>
        <line num="104" count="1" type="stmt"/>
        <line num="106" count="20" type="cond" truecount="2" falsecount="0"/>
        <line num="107" count="1" type="stmt"/>
        <line num="108" count="1" type="stmt"/>
        <line num="110" count="20" type="stmt"/>
        <line num="111" count="20" type="stmt"/>
        <line num="115" count="69" type="stmt"/>
        <line num="132" count="4" type="stmt"/>
      </file>
      <file name="PlayControls.tsx" path="/Users/lctoan/projects/timeline-challenge/src/Timeline/PlayControls.tsx">
        <metrics statements="11" coveredstatements="11" conditionals="0" coveredconditionals="0" methods="3" coveredmethods="3"/>
        <line num="8" count="3" type="stmt"/>
        <line num="9" count="3" type="stmt"/>
        <line num="28" count="3" type="stmt"/>
        <line num="29" count="3" type="stmt"/>
        <line num="30" count="3" type="stmt"/>
        <line num="31" count="3" type="stmt"/>
        <line num="33" count="3" type="stmt"/>
        <line num="45" count="3" type="stmt"/>
        <line num="46" count="3" type="stmt"/>
        <line num="47" count="3" type="stmt"/>
        <line num="49" count="3" type="stmt"/>
      </file>
      <file name="Playhead.tsx" path="/Users/lctoan/projects/timeline-challenge/src/Timeline/Playhead.tsx">
        <metrics statements="5" coveredstatements="5" conditionals="0" coveredconditionals="0" methods="1" coveredmethods="1"/>
        <line num="5" count="3" type="stmt"/>
        <line num="6" count="9" type="stmt"/>
        <line num="7" count="9" type="stmt"/>
        <line num="8" count="9" type="stmt"/>
        <line num="10" count="9" type="stmt"/>
      </file>
      <file name="Ruler.tsx" path="/Users/lctoan/projects/timeline-challenge/src/Timeline/Ruler.tsx">
        <metrics statements="18" coveredstatements="18" conditionals="0" coveredconditionals="0" methods="6" coveredmethods="6"/>
        <line num="8" count="3" type="stmt"/>
        <line num="9" count="8" type="stmt"/>
        <line num="10" count="8" type="stmt"/>
        <line num="11" count="8" type="stmt"/>
        <line num="12" count="8" type="stmt"/>
        <line num="13" count="8" type="stmt"/>
        <line num="14" count="7" type="stmt"/>
        <line num="22" count="8" type="stmt"/>
        <line num="23" count="1" type="stmt"/>
        <line num="24" count="8" type="stmt"/>
        <line num="25" count="1" type="stmt"/>
        <line num="27" count="8" type="stmt"/>
        <line num="28" count="6" type="stmt"/>
        <line num="29" count="6" type="stmt"/>
        <line num="30" count="6" type="stmt"/>
        <line num="31" count="6" type="stmt"/>
        <line num="35" count="8" type="stmt"/>
        <line num="58" count="3" type="stmt"/>
      </file>
      <file name="Segment.tsx" path="/Users/lctoan/projects/timeline-challenge/src/Timeline/Segment.tsx">
        <metrics statements="4" coveredstatements="4" conditionals="0" coveredconditionals="0" methods="1" coveredmethods="1"/>
        <line num="6" count="4" type="stmt"/>
        <line num="7" count="31" type="stmt"/>
        <line num="9" count="31" type="stmt"/>
        <line num="20" count="4" type="stmt"/>
      </file>
      <file name="Timeline.store.ts" path="/Users/lctoan/projects/timeline-challenge/src/Timeline/Timeline.store.ts">
        <metrics statements="6" coveredstatements="6" conditionals="0" coveredconditionals="0" methods="4" coveredmethods="4"/>
        <line num="15" count="8" type="stmt"/>
        <line num="17" count="8" type="stmt"/>
        <line num="22" count="5" type="stmt"/>
        <line num="24" count="7" type="stmt"/>
        <line num="26" count="4" type="stmt"/>
        <line num="34" count="8" type="stmt"/>
      </file>
      <file name="Timeline.tsx" path="/Users/lctoan/projects/timeline-challenge/src/Timeline/Timeline.tsx">
        <metrics statements="7" coveredstatements="7" conditionals="0" coveredconditionals="0" methods="1" coveredmethods="1"/>
        <line num="9" count="2" type="stmt"/>
        <line num="10" count="2" type="stmt"/>
        <line num="11" count="2" type="stmt"/>
        <line num="12" count="2" type="stmt"/>
        <line num="13" count="2" type="stmt"/>
        <line num="14" count="2" type="stmt"/>
        <line num="16" count="2" type="stmt"/>
      </file>
      <file name="TrackList.tsx" path="/Users/lctoan/projects/timeline-challenge/src/Timeline/TrackList.tsx">
        <metrics statements="3" coveredstatements="3" conditionals="0" coveredconditionals="0" methods="2" coveredmethods="2"/>
        <line num="6" count="3" type="stmt"/>
        <line num="8" count="3" type="stmt"/>
        <line num="17" count="30" type="stmt"/>
      </file>
    </package>
    <package name="src.hooks">
      <metrics statements="15" coveredstatements="15" conditionals="4" coveredconditionals="4" methods="9" coveredmethods="9"/>
      <file name="useSyncScroll.ts" path="/Users/lctoan/projects/timeline-challenge/src/hooks/useSyncScroll.ts">
        <metrics statements="15" coveredstatements="15" conditionals="4" coveredconditionals="4" methods="9" coveredmethods="9"/>
        <line num="3" count="3" type="stmt"/>
        <line num="7" count="7" type="stmt"/>
        <line num="8" count="7" type="stmt"/>
        <line num="9" count="14" type="stmt"/>
        <line num="12" count="7" type="stmt"/>
        <line num="13" count="7" type="stmt"/>
        <line num="14" count="14" type="stmt"/>
        <line num="19" count="7" type="stmt"/>
        <line num="20" count="4" type="stmt"/>
        <line num="21" count="8" type="stmt"/>
        <line num="22" count="4" type="cond" truecount="4" falsecount="0"/>
        <line num="23" count="2" type="stmt"/>
        <line num="24" count="2" type="stmt"/>
        <line num="27" count="2" type="stmt"/>
        <line num="28" count="2" type="stmt"/>
      </file>
    </package>
    <package name="src.utils">
      <metrics statements="8" coveredstatements="8" conditionals="0" coveredconditionals="0" methods="4" coveredmethods="4"/>
      <file name="index.ts" path="/Users/lctoan/projects/timeline-challenge/src/utils/index.ts">
        <metrics statements="8" coveredstatements="8" conditionals="0" coveredconditionals="0" methods="4" coveredmethods="4"/>
        <line num="5" count="10" type="stmt"/>
        <line num="6" count="5" type="stmt"/>
        <line num="13" count="10" type="stmt"/>
        <line num="16" count="8" type="stmt"/>
        <line num="17" count="8" type="stmt"/>
        <line num="18" count="8" type="stmt"/>
        <line num="19" count="172" type="stmt"/>
        <line num="22" count="8" type="stmt"/>
      </file>
    </package>
  </project>
</coverage>
