{"/Users/lctoan/projects/timeline-challenge/src/App.tsx": {"path":"/Users/lctoan/projects/timeline-challenge/src/App.tsx","statementMap":{"0":{"start":{"line":4,"column":2},"end":{"line":14,"column":4}}},"fnMap":{"0":{"name":"App","decl":{"start":{"line":3,"column":24},"end":{"line":3,"column":27}},"loc":{"start":{"line":3,"column":30},"end":{"line":15,"column":1}},"line":3}},"branchMap":{},"s":{"0":1},"f":{"0":1},"b":{},"_coverageSchema":"1a1c01bbd47fc00a2c39e90264f33305004495a9","hash":"74906f820c94faef9e7c6564332c92e3a9de3adf"}
,"/Users/lctoan/projects/timeline-challenge/src/constants.ts": {"path":"/Users/lctoan/projects/timeline-challenge/src/constants.ts","statementMap":{"0":{"start":{"line":1,"column":29},"end":{"line":1,"column":31}},"1":{"start":{"line":2,"column":37},"end":{"line":2,"column":41}},"2":{"start":{"line":3,"column":37},"end":{"line":3,"column":40}},"3":{"start":{"line":5,"column":27},"end":{"line":10,"column":1}},"4":{"start":{"line":12,"column":30},"end":{"line":23,"column":1}}},"fnMap":{},"branchMap":{},"s":{"0":11,"1":11,"2":11,"3":11,"4":11},"f":{},"b":{},"_coverageSchema":"1a1c01bbd47fc00a2c39e90264f33305004495a9","hash":"6c7c417082f8ff36da8d83b65ea55684e262e124"}
,"/Users/lctoan/projects/timeline-challenge/src/Timeline/KeyframeList.tsx": {"path":"/Users/lctoan/projects/timeline-challenge/src/Timeline/KeyframeList.tsx","statementMap":{"0":{"start":{"line":7,"column":28},"end":{"line":21,"column":1}},"1":{"start":{"line":9,"column":4},"end":{"line":19,"column":6}},"2":{"start":{"line":16,"column":10},"end":{"line":16,"column":38}},"3":{"start":{"line":23,"column":0},"end":{"line":23,"column":52}}},"fnMap":{"0":{"name":"(anonymous_0)","decl":{"start":{"line":8,"column":2},"end":{"line":8,"column":3}},"loc":{"start":{"line":8,"column":19},"end":{"line":20,"column":3}},"line":8},"1":{"name":"(anonymous_1)","decl":{"start":{"line":15,"column":28},"end":{"line":15,"column":29}},"loc":{"start":{"line":16,"column":10},"end":{"line":16,"column":38}},"line":16}},"branchMap":{},"s":{"0":3,"1":3,"2":30,"3":3},"f":{"0":3,"1":30},"b":{},"_coverageSchema":"1a1c01bbd47fc00a2c39e90264f33305004495a9","hash":"0dbd8c26d4364efbefcf20098bd7c6c8b13d7ba2"}
,"/Users/lctoan/projects/timeline-challenge/src/Timeline/NumberInput.tsx": {"path":"/Users/lctoan/projects/timeline-challenge/src/Timeline/NumberInput.tsx","statementMap":{"0":{"start":{"line":27,"column":17},"end":{"line":38,"column":1}},"1":{"start":{"line":28,"column":17},"end":{"line":28,"column":20}},"2":{"start":{"line":30,"column":2},"end":{"line":32,"column":3}},"3":{"start":{"line":31,"column":4},"end":{"line":31,"column":35}},"4":{"start":{"line":34,"column":2},"end":{"line":34,"column":37}},"5":{"start":{"line":34,"column":22},"end":{"line":34,"column":37}},"6":{"start":{"line":36,"column":2},"end":{"line":36,"column":37}},"7":{"start":{"line":36,"column":22},"end":{"line":36,"column":37}},"8":{"start":{"line":37,"column":2},"end":{"line":37,"column":18}},"9":{"start":{"line":40,"column":16},"end":{"line":40,"column":77}},"10":{"start":{"line":40,"column":53},"end":{"line":40,"column":77}},"11":{"start":{"line":42,"column":27},"end":{"line":130,"column":1}},"12":{"start":{"line":50,"column":22},"end":{"line":50,"column":50}},"13":{"start":{"line":51,"column":34},"end":{"line":51,"column":75}},"14":{"start":{"line":53,"column":19},"end":{"line":57,"column":3}},"15":{"start":{"line":54,"column":16},"end":{"line":54,"column":55}},"16":{"start":{"line":55,"column":4},"end":{"line":55,"column":32}},"17":{"start":{"line":56,"column":4},"end":{"line":56,"column":20}},"18":{"start":{"line":59,"column":19},"end":{"line":60,"column":38}},"19":{"start":{"line":60,"column":4},"end":{"line":60,"column":38}},"20":{"start":{"line":61,"column":17},"end":{"line":61,"column":33}},"21":{"start":{"line":61,"column":23},"end":{"line":61,"column":33}},"22":{"start":{"line":63,"column":18},"end":{"line":83,"column":3}},"23":{"start":{"line":64,"column":36},"end":{"line":64,"column":37}},"24":{"start":{"line":65,"column":4},"end":{"line":82,"column":5}},"25":{"start":{"line":68,"column":8},"end":{"line":68,"column":58}},"26":{"start":{"line":69,"column":8},"end":{"line":69,"column":29}},"27":{"start":{"line":70,"column":8},"end":{"line":70,"column":14}},"28":{"start":{"line":73,"column":8},"end":{"line":73,"column":52}},"29":{"start":{"line":74,"column":8},"end":{"line":74,"column":29}},"30":{"start":{"line":75,"column":8},"end":{"line":75,"column":14}},"31":{"start":{"line":79,"column":8},"end":{"line":79,"column":58}},"32":{"start":{"line":80,"column":8},"end":{"line":80,"column":19}},"33":{"start":{"line":81,"column":8},"end":{"line":81,"column":31}},"34":{"start":{"line":85,"column":20},"end":{"line":91,"column":3}},"35":{"start":{"line":86,"column":30},"end":{"line":86,"column":31}},"36":{"start":{"line":87,"column":4},"end":{"line":87,"column":27}},"37":{"start":{"line":88,"column":16},"end":{"line":88,"column":43}},"38":{"start":{"line":89,"column":4},"end":{"line":89,"column":30}},"39":{"start":{"line":90,"column":4},"end":{"line":90,"column":15}},"40":{"start":{"line":94,"column":2},"end":{"line":97,"column":14}},"41":{"start":{"line":95,"column":4},"end":{"line":95,"column":34}},"42":{"start":{"line":96,"column":4},"end":{"line":96,"column":32}},"43":{"start":{"line":99,"column":2},"end":{"line":113,"column":30}},"44":{"start":{"line":100,"column":4},"end":{"line":112,"column":7}},"45":{"start":{"line":101,"column":21},"end":{"line":101,"column":25}},"46":{"start":{"line":102,"column":6},"end":{"line":105,"column":7}},"47":{"start":{"line":103,"column":8},"end":{"line":103,"column":34}},"48":{"start":{"line":104,"column":8},"end":{"line":104,"column":34}},"49":{"start":{"line":106,"column":6},"end":{"line":109,"column":7}},"50":{"start":{"line":107,"column":8},"end":{"line":107,"column":34}},"51":{"start":{"line":108,"column":8},"end":{"line":108,"column":34}},"52":{"start":{"line":110,"column":6},"end":{"line":110,"column":17}},"53":{"start":{"line":111,"column":6},"end":{"line":111,"column":22}},"54":{"start":{"line":115,"column":2},"end":{"line":129,"column":4}},"55":{"start":{"line":132,"column":0},"end":{"line":137,"column":22}}},"fnMap":{"0":{"name":"(anonymous_0)","decl":{"start":{"line":27,"column":17},"end":{"line":27,"column":18}},"loc":{"start":{"line":27,"column":60},"end":{"line":38,"column":1}},"line":27},"1":{"name":"(anonymous_1)","decl":{"start":{"line":40,"column":16},"end":{"line":40,"column":17}},"loc":{"start":{"line":40,"column":53},"end":{"line":40,"column":77}},"line":40},"2":{"name":"(anonymous_2)","decl":{"start":{"line":42,"column":27},"end":{"line":42,"column":28}},"loc":{"start":{"line":49,"column":24},"end":{"line":130,"column":1}},"line":49},"3":{"name":"(anonymous_3)","decl":{"start":{"line":53,"column":19},"end":{"line":53,"column":20}},"loc":{"start":{"line":53,"column":25},"end":{"line":57,"column":3}},"line":53},"4":{"name":"(anonymous_4)","decl":{"start":{"line":59,"column":19},"end":{"line":59,"column":20}},"loc":{"start":{"line":60,"column":4},"end":{"line":60,"column":38}},"line":60},"5":{"name":"(anonymous_5)","decl":{"start":{"line":61,"column":17},"end":{"line":61,"column":18}},"loc":{"start":{"line":61,"column":23},"end":{"line":61,"column":33}},"line":61},"6":{"name":"(anonymous_6)","decl":{"start":{"line":63,"column":18},"end":{"line":63,"column":19}},"loc":{"start":{"line":63,"column":58},"end":{"line":83,"column":3}},"line":63},"7":{"name":"(anonymous_7)","decl":{"start":{"line":85,"column":20},"end":{"line":85,"column":21}},"loc":{"start":{"line":85,"column":57},"end":{"line":91,"column":3}},"line":85},"8":{"name":"(anonymous_8)","decl":{"start":{"line":94,"column":12},"end":{"line":94,"column":13}},"loc":{"start":{"line":94,"column":18},"end":{"line":97,"column":3}},"line":94},"9":{"name":"(anonymous_9)","decl":{"start":{"line":99,"column":12},"end":{"line":99,"column":13}},"loc":{"start":{"line":99,"column":18},"end":{"line":113,"column":3}},"line":99},"10":{"name":"(anonymous_10)","decl":{"start":{"line":100,"column":16},"end":{"line":100,"column":17}},"loc":{"start":{"line":100,"column":26},"end":{"line":112,"column":5}},"line":100}},"branchMap":{"0":{"loc":{"start":{"line":30,"column":2},"end":{"line":32,"column":3}},"type":"if","locations":[{"start":{"line":30,"column":2},"end":{"line":32,"column":3}},{"start":{},"end":{}}],"line":30},"1":{"loc":{"start":{"line":34,"column":2},"end":{"line":34,"column":37}},"type":"if","locations":[{"start":{"line":34,"column":2},"end":{"line":34,"column":37}},{"start":{},"end":{}}],"line":34},"2":{"loc":{"start":{"line":36,"column":2},"end":{"line":36,"column":37}},"type":"if","locations":[{"start":{"line":36,"column":2},"end":{"line":36,"column":37}},{"start":{},"end":{}}],"line":36},"3":{"loc":{"start":{"line":65,"column":4},"end":{"line":82,"column":5}},"type":"switch","locations":[{"start":{"line":66,"column":6},"end":{"line":70,"column":14}},{"start":{"line":71,"column":6},"end":{"line":75,"column":14}},{"start":{"line":76,"column":6},"end":{"line":76,"column":31}},{"start":{"line":77,"column":6},"end":{"line":81,"column":31}}],"line":65},"4":{"loc":{"start":{"line":102,"column":6},"end":{"line":105,"column":7}},"type":"if","locations":[{"start":{"line":102,"column":6},"end":{"line":105,"column":7}},{"start":{},"end":{}}],"line":102},"5":{"loc":{"start":{"line":106,"column":6},"end":{"line":109,"column":7}},"type":"if","locations":[{"start":{"line":106,"column":6},"end":{"line":109,"column":7}},{"start":{},"end":{}}],"line":106}},"s":{"0":4,"1":29,"2":29,"3":1,"4":29,"5":1,"6":29,"7":1,"8":29,"9":4,"10":9,"11":4,"12":69,"13":69,"14":69,"15":29,"16":29,"17":29,"18":69,"19":15,"20":69,"21":7,"22":69,"23":26,"24":26,"25":6,"26":6,"27":6,"28":1,"29":1,"30":1,"31":1,"32":1,"33":1,"34":69,"35":1,"36":1,"37":1,"38":1,"39":1,"40":69,"41":18,"42":18,"43":69,"44":20,"45":20,"46":20,"47":1,"48":1,"49":20,"50":1,"51":1,"52":20,"53":20,"54":69,"55":4},"f":{"0":29,"1":9,"2":69,"3":29,"4":15,"5":7,"6":26,"7":1,"8":18,"9":20,"10":20},"b":{"0":[1,28],"1":[1,28],"2":[1,28],"3":[6,1,1,1],"4":[1,19],"5":[1,19]},"_coverageSchema":"1a1c01bbd47fc00a2c39e90264f33305004495a9","hash":"2188688d36d0e93634d394d6ada532ae2250bd76"}
,"/Users/lctoan/projects/timeline-challenge/src/Timeline/PlayControls.tsx": {"path":"/Users/lctoan/projects/timeline-challenge/src/Timeline/PlayControls.tsx","statementMap":{"0":{"start":{"line":8,"column":28},"end":{"line":26,"column":1}},"1":{"start":{"line":9,"column":2},"end":{"line":25,"column":4}},"2":{"start":{"line":28,"column":21},"end":{"line":43,"column":1}},"3":{"start":{"line":29,"column":15},"end":{"line":29,"column":42}},"4":{"start":{"line":30,"column":19},"end":{"line":30,"column":50}},"5":{"start":{"line":31,"column":18},"end":{"line":31,"column":48}},"6":{"start":{"line":33,"column":2},"end":{"line":42,"column":4}},"7":{"start":{"line":45,"column":22},"end":{"line":59,"column":1}},"8":{"start":{"line":46,"column":19},"end":{"line":46,"column":50}},"9":{"start":{"line":47,"column":22},"end":{"line":47,"column":56}},"10":{"start":{"line":49,"column":2},"end":{"line":58,"column":4}}},"fnMap":{"0":{"name":"(anonymous_0)","decl":{"start":{"line":8,"column":28},"end":{"line":8,"column":29}},"loc":{"start":{"line":8,"column":59},"end":{"line":26,"column":1}},"line":8},"1":{"name":"(anonymous_1)","decl":{"start":{"line":28,"column":21},"end":{"line":28,"column":22}},"loc":{"start":{"line":28,"column":27},"end":{"line":43,"column":1}},"line":28},"2":{"name":"(anonymous_2)","decl":{"start":{"line":45,"column":22},"end":{"line":45,"column":23}},"loc":{"start":{"line":45,"column":28},"end":{"line":59,"column":1}},"line":45}},"branchMap":{},"s":{"0":3,"1":3,"2":3,"3":3,"4":3,"5":3,"6":3,"7":3,"8":3,"9":3,"10":3},"f":{"0":3,"1":3,"2":3},"b":{},"_coverageSchema":"1a1c01bbd47fc00a2c39e90264f33305004495a9","hash":"0c8ed307c52d4cf24995e3b23a119ee055054802"}
,"/Users/lctoan/projects/timeline-challenge/src/Timeline/Playhead.tsx": {"path":"/Users/lctoan/projects/timeline-challenge/src/Timeline/Playhead.tsx","statementMap":{"0":{"start":{"line":5,"column":24},"end":{"line":20,"column":1}},"1":{"start":{"line":6,"column":17},"end":{"line":6,"column":46}},"2":{"start":{"line":7,"column":15},"end":{"line":7,"column":42}},"3":{"start":{"line":8,"column":17},"end":{"line":8,"column":30}},"4":{"start":{"line":10,"column":2},"end":{"line":19,"column":4}}},"fnMap":{"0":{"name":"(anonymous_0)","decl":{"start":{"line":5,"column":24},"end":{"line":5,"column":25}},"loc":{"start":{"line":5,"column":51},"end":{"line":20,"column":1}},"line":5}},"branchMap":{},"s":{"0":3,"1":9,"2":9,"3":9,"4":9},"f":{"0":9},"b":{},"_coverageSchema":"1a1c01bbd47fc00a2c39e90264f33305004495a9","hash":"951a264de6907a01fd0beb92fdb5d4206d9b508c"}
,"/Users/lctoan/projects/timeline-challenge/src/Timeline/Ruler.tsx": {"path":"/Users/lctoan/projects/timeline-challenge/src/Timeline/Ruler.tsx","statementMap":{"0":{"start":{"line":8,"column":21},"end":{"line":56,"column":2}},"1":{"start":{"line":9,"column":15},"end":{"line":9,"column":42}},"2":{"start":{"line":10,"column":19},"end":{"line":10,"column":50}},"3":{"start":{"line":11,"column":18},"end":{"line":11,"column":48}},"4":{"start":{"line":12,"column":20},"end":{"line":12,"column":52}},"5":{"start":{"line":13,"column":22},"end":{"line":20,"column":3}},"6":{"start":{"line":14,"column":11},"end":{"line":18,"column":5}},"7":{"start":{"line":22,"column":19},"end":{"line":23,"column":42}},"8":{"start":{"line":23,"column":4},"end":{"line":23,"column":42}},"9":{"start":{"line":24,"column":25},"end":{"line":25,"column":54}},"10":{"start":{"line":25,"column":4},"end":{"line":25,"column":54}},"11":{"start":{"line":27,"column":2},"end":{"line":33,"column":9}},"12":{"start":{"line":28,"column":21},"end":{"line":28,"column":60}},"13":{"start":{"line":29,"column":4},"end":{"line":29,"column":65}},"14":{"start":{"line":30,"column":4},"end":{"line":32,"column":6}},"15":{"start":{"line":31,"column":6},"end":{"line":31,"column":70}},"16":{"start":{"line":35,"column":2},"end":{"line":55,"column":4}},"17":{"start":{"line":58,"column":0},"end":{"line":61,"column":16}}},"fnMap":{"0":{"name":"(anonymous_0)","decl":{"start":{"line":8,"column":60},"end":{"line":8,"column":61}},"loc":{"start":{"line":8,"column":77},"end":{"line":56,"column":1}},"line":8},"1":{"name":"(anonymous_1)","decl":{"start":{"line":14,"column":4},"end":{"line":14,"column":5}},"loc":{"start":{"line":14,"column":11},"end":{"line":18,"column":5}},"line":14},"2":{"name":"(anonymous_2)","decl":{"start":{"line":22,"column":19},"end":{"line":22,"column":20}},"loc":{"start":{"line":23,"column":4},"end":{"line":23,"column":42}},"line":23},"3":{"name":"(anonymous_3)","decl":{"start":{"line":24,"column":25},"end":{"line":24,"column":26}},"loc":{"start":{"line":25,"column":4},"end":{"line":25,"column":54}},"line":25},"4":{"name":"(anonymous_4)","decl":{"start":{"line":27,"column":12},"end":{"line":27,"column":13}},"loc":{"start":{"line":27,"column":18},"end":{"line":33,"column":3}},"line":27},"5":{"name":"(anonymous_5)","decl":{"start":{"line":30,"column":11},"end":{"line":30,"column":12}},"loc":{"start":{"line":30,"column":17},"end":{"line":32,"column":5}},"line":30}},"branchMap":{},"s":{"0":3,"1":8,"2":8,"3":8,"4":8,"5":8,"6":7,"7":8,"8":1,"9":8,"10":1,"11":8,"12":6,"13":6,"14":6,"15":6,"16":8,"17":3},"f":{"0":8,"1":7,"2":1,"3":1,"4":6,"5":6},"b":{},"_coverageSchema":"1a1c01bbd47fc00a2c39e90264f33305004495a9","hash":"73d71d6faa79f09b1773676bb70ce9405454863a"}
,"/Users/lctoan/projects/timeline-challenge/src/Timeline/Segment.tsx": {"path":"/Users/lctoan/projects/timeline-challenge/src/Timeline/Segment.tsx","statementMap":{"0":{"start":{"line":6,"column":23},"end":{"line":18,"column":1}},"1":{"start":{"line":7,"column":19},"end":{"line":7,"column":50}},"2":{"start":{"line":9,"column":2},"end":{"line":17,"column":4}},"3":{"start":{"line":20,"column":0},"end":{"line":22,"column":18}}},"fnMap":{"0":{"name":"(anonymous_0)","decl":{"start":{"line":6,"column":23},"end":{"line":6,"column":24}},"loc":{"start":{"line":6,"column":49},"end":{"line":18,"column":1}},"line":6}},"branchMap":{},"s":{"0":4,"1":31,"2":31,"3":4},"f":{"0":31},"b":{},"_coverageSchema":"1a1c01bbd47fc00a2c39e90264f33305004495a9","hash":"39eebc0c5e7581a743376ef0b9e4811e73410f01"}
,"/Users/lctoan/projects/timeline-challenge/src/Timeline/Timeline.store.ts": {"path":"/Users/lctoan/projects/timeline-challenge/src/Timeline/Timeline.store.ts","statementMap":{"0":{"start":{"line":15,"column":29},"end":{"line":32,"column":1}},"1":{"start":{"line":17,"column":20},"end":{"line":27,"column":5}},"2":{"start":{"line":22,"column":8},"end":{"line":22,"column":66}},"3":{"start":{"line":24,"column":8},"end":{"line":24,"column":58}},"4":{"start":{"line":26,"column":8},"end":{"line":26,"column":62}},"5":{"start":{"line":34,"column":32},"end":{"line":34,"column":69}}},"fnMap":{"0":{"name":"(anonymous_0)","decl":{"start":{"line":17,"column":4},"end":{"line":17,"column":5}},"loc":{"start":{"line":17,"column":20},"end":{"line":27,"column":5}},"line":17},"1":{"name":"(anonymous_1)","decl":{"start":{"line":21,"column":19},"end":{"line":21,"column":20}},"loc":{"start":{"line":22,"column":8},"end":{"line":22,"column":66}},"line":22},"2":{"name":"(anonymous_2)","decl":{"start":{"line":23,"column":15},"end":{"line":23,"column":16}},"loc":{"start":{"line":24,"column":8},"end":{"line":24,"column":58}},"line":24},"3":{"name":"(anonymous_3)","decl":{"start":{"line":25,"column":17},"end":{"line":25,"column":18}},"loc":{"start":{"line":26,"column":8},"end":{"line":26,"column":62}},"line":26}},"branchMap":{},"s":{"0":8,"1":8,"2":5,"3":7,"4":4,"5":8},"f":{"0":8,"1":5,"2":7,"3":4},"b":{},"_coverageSchema":"1a1c01bbd47fc00a2c39e90264f33305004495a9","hash":"d9613f34ec9d92dc86b90732829685c59b712f4f"}
,"/Users/lctoan/projects/timeline-challenge/src/Timeline/Timeline.tsx": {"path":"/Users/lctoan/projects/timeline-challenge/src/Timeline/Timeline.tsx","statementMap":{"0":{"start":{"line":9,"column":24},"end":{"line":29,"column":1}},"1":{"start":{"line":10,"column":19},"end":{"line":10,"column":47}},"2":{"start":{"line":11,"column":22},"end":{"line":11,"column":50}},"3":{"start":{"line":12,"column":23},"end":{"line":12,"column":51}},"4":{"start":{"line":13,"column":2},"end":{"line":13,"column":46}},"5":{"start":{"line":14,"column":2},"end":{"line":14,"column":50}},"6":{"start":{"line":16,"column":2},"end":{"line":28,"column":4}}},"fnMap":{"0":{"name":"(anonymous_0)","decl":{"start":{"line":9,"column":24},"end":{"line":9,"column":25}},"loc":{"start":{"line":9,"column":30},"end":{"line":29,"column":1}},"line":9}},"branchMap":{},"s":{"0":2,"1":2,"2":2,"3":2,"4":2,"5":2,"6":2},"f":{"0":2},"b":{},"_coverageSchema":"1a1c01bbd47fc00a2c39e90264f33305004495a9","hash":"dece3903eafa6e5ef4c5283a53508e141985591e"}
,"/Users/lctoan/projects/timeline-challenge/src/Timeline/TrackList.tsx": {"path":"/Users/lctoan/projects/timeline-challenge/src/Timeline/TrackList.tsx","statementMap":{"0":{"start":{"line":6,"column":25},"end":{"line":24,"column":1}},"1":{"start":{"line":8,"column":4},"end":{"line":22,"column":6}},"2":{"start":{"line":17,"column":10},"end":{"line":19,"column":16}}},"fnMap":{"0":{"name":"(anonymous_0)","decl":{"start":{"line":7,"column":2},"end":{"line":7,"column":3}},"loc":{"start":{"line":7,"column":19},"end":{"line":23,"column":3}},"line":7},"1":{"name":"(anonymous_1)","decl":{"start":{"line":16,"column":28},"end":{"line":16,"column":29}},"loc":{"start":{"line":17,"column":10},"end":{"line":19,"column":16}},"line":17}},"branchMap":{},"s":{"0":3,"1":3,"2":30},"f":{"0":3,"1":30},"b":{},"_coverageSchema":"1a1c01bbd47fc00a2c39e90264f33305004495a9","hash":"f8a54c06ec2d38d8d7380480e1b3ca181b6b9644"}
,"/Users/lctoan/projects/timeline-challenge/src/hooks/useSyncScroll.ts": {"path":"/Users/lctoan/projects/timeline-challenge/src/hooks/useSyncScroll.ts","statementMap":{"0":{"start":{"line":3,"column":29},"end":{"line":32,"column":1}},"1":{"start":{"line":7,"column":2},"end":{"line":17,"column":9}},"2":{"start":{"line":8,"column":4},"end":{"line":10,"column":6}},"3":{"start":{"line":9,"column":6},"end":{"line":9,"column":61}},"4":{"start":{"line":12,"column":4},"end":{"line":16,"column":6}},"5":{"start":{"line":13,"column":6},"end":{"line":15,"column":8}},"6":{"start":{"line":14,"column":8},"end":{"line":14,"column":66}},"7":{"start":{"line":19,"column":25},"end":{"line":31,"column":8}},"8":{"start":{"line":20,"column":20},"end":{"line":20,"column":43}},"9":{"start":{"line":21,"column":23},"end":{"line":21,"column":68}},"10":{"start":{"line":21,"column":44},"end":{"line":21,"column":67}},"11":{"start":{"line":22,"column":4},"end":{"line":30,"column":5}},"12":{"start":{"line":23,"column":6},"end":{"line":25,"column":9}},"13":{"start":{"line":24,"column":8},"end":{"line":24,"column":71}},"14":{"start":{"line":27,"column":6},"end":{"line":29,"column":9}},"15":{"start":{"line":28,"column":8},"end":{"line":28,"column":71}}},"fnMap":{"0":{"name":"(anonymous_0)","decl":{"start":{"line":3,"column":29},"end":{"line":3,"column":30}},"loc":{"start":{"line":6,"column":5},"end":{"line":32,"column":1}},"line":6},"1":{"name":"(anonymous_1)","decl":{"start":{"line":7,"column":12},"end":{"line":7,"column":13}},"loc":{"start":{"line":7,"column":18},"end":{"line":17,"column":3}},"line":7},"2":{"name":"(anonymous_2)","decl":{"start":{"line":8,"column":17},"end":{"line":8,"column":18}},"loc":{"start":{"line":9,"column":6},"end":{"line":9,"column":61}},"line":9},"3":{"name":"(anonymous_3)","decl":{"start":{"line":12,"column":11},"end":{"line":12,"column":12}},"loc":{"start":{"line":12,"column":17},"end":{"line":16,"column":5}},"line":12},"4":{"name":"(anonymous_4)","decl":{"start":{"line":13,"column":19},"end":{"line":13,"column":20}},"loc":{"start":{"line":14,"column":8},"end":{"line":14,"column":66}},"line":14},"5":{"name":"(anonymous_5)","decl":{"start":{"line":19,"column":37},"end":{"line":19,"column":38}},"loc":{"start":{"line":19,"column":51},"end":{"line":31,"column":3}},"line":19},"6":{"name":"(anonymous_6)","decl":{"start":{"line":21,"column":35},"end":{"line":21,"column":36}},"loc":{"start":{"line":21,"column":44},"end":{"line":21,"column":67}},"line":21},"7":{"name":"(anonymous_7)","decl":{"start":{"line":23,"column":25},"end":{"line":23,"column":26}},"loc":{"start":{"line":23,"column":34},"end":{"line":25,"column":7}},"line":23},"8":{"name":"(anonymous_8)","decl":{"start":{"line":27,"column":25},"end":{"line":27,"column":26}},"loc":{"start":{"line":27,"column":34},"end":{"line":29,"column":7}},"line":27}},"branchMap":{"0":{"loc":{"start":{"line":22,"column":4},"end":{"line":30,"column":5}},"type":"if","locations":[{"start":{"line":22,"column":4},"end":{"line":30,"column":5}},{"start":{"line":26,"column":11},"end":{"line":30,"column":5}}],"line":22},"1":{"loc":{"start":{"line":22,"column":8},"end":{"line":22,"column":32}},"type":"binary-expr","locations":[{"start":{"line":22,"column":8},"end":{"line":22,"column":19}},{"start":{"line":22,"column":23},"end":{"line":22,"column":32}}],"line":22}},"s":{"0":3,"1":7,"2":7,"3":14,"4":7,"5":7,"6":14,"7":7,"8":4,"9":4,"10":8,"11":4,"12":2,"13":2,"14":2,"15":2},"f":{"0":7,"1":7,"2":14,"3":7,"4":14,"5":4,"6":8,"7":2,"8":2},"b":{"0":[2,2],"1":[4,2]},"_coverageSchema":"1a1c01bbd47fc00a2c39e90264f33305004495a9","hash":"51d529abddfd8449dd7201a73bef1420e147dab3"}
,"/Users/lctoan/projects/timeline-challenge/src/utils/index.ts": {"path":"/Users/lctoan/projects/timeline-challenge/src/utils/index.ts","statementMap":{"0":{"start":{"line":5,"column":30},"end":{"line":7,"column":1}},"1":{"start":{"line":6,"column":2},"end":{"line":6,"column":59}},"2":{"start":{"line":13,"column":31},"end":{"line":23,"column":1}},"3":{"start":{"line":16,"column":14},"end":{"line":16,"column":52}},"4":{"start":{"line":17,"column":2},"end":{"line":17,"column":17}},"5":{"start":{"line":18,"column":2},"end":{"line":20,"column":3}},"6":{"start":{"line":19,"column":4},"end":{"line":19,"column":71}},"7":{"start":{"line":19,"column":34},"end":{"line":19,"column":70}},"8":{"start":{"line":19,"column":47},"end":{"line":19,"column":69}},"9":{"start":{"line":22,"column":2},"end":{"line":22,"column":15}}},"fnMap":{"0":{"name":"(anonymous_0)","decl":{"start":{"line":5,"column":30},"end":{"line":5,"column":31}},"loc":{"start":{"line":5,"column":57},"end":{"line":7,"column":1}},"line":5},"1":{"name":"(anonymous_1)","decl":{"start":{"line":13,"column":31},"end":{"line":13,"column":32}},"loc":{"start":{"line":15,"column":5},"end":{"line":23,"column":1}},"line":15},"2":{"name":"(anonymous_2)","decl":{"start":{"line":19,"column":28},"end":{"line":19,"column":29}},"loc":{"start":{"line":19,"column":34},"end":{"line":19,"column":70}},"line":19},"3":{"name":"(anonymous_3)","decl":{"start":{"line":19,"column":40},"end":{"line":19,"column":41}},"loc":{"start":{"line":19,"column":47},"end":{"line":19,"column":69}},"line":19}},"branchMap":{},"s":{"0":10,"1":5,"2":10,"3":8,"4":8,"5":8,"6":48,"7":96,"8":172,"9":8},"f":{"0":5,"1":8,"2":96,"3":172},"b":{},"_coverageSchema":"1a1c01bbd47fc00a2c39e90264f33305004495a9","hash":"a4779efb5342f00eae768ca5ea6e610461b5d953"}
}
