TN:
SF:src/App.tsx
FN:3,App
FNF:1
FNH:1
FNDA:1,App
DA:4,1
LF:1
LH:1
BRF:0
BRH:0
end_of_record
TN:
SF:src/constants.ts
FNF:0
FNH:0
DA:1,11
DA:2,11
DA:3,11
DA:5,11
DA:12,11
LF:5
LH:5
BRF:0
BRH:0
end_of_record
TN:
SF:src/Timeline/KeyframeList.tsx
FN:8,(anonymous_0)
FN:15,(anonymous_1)
FNF:2
FNH:2
FNDA:3,(anonymous_0)
FNDA:30,(anonymous_1)
DA:7,3
DA:9,3
DA:16,30
DA:23,3
LF:4
LH:4
BRF:0
BRH:0
end_of_record
TN:
SF:src/Timeline/NumberInput.tsx
FN:27,(anonymous_0)
FN:40,(anonymous_1)
FN:42,(anonymous_2)
FN:53,(anonymous_3)
FN:59,(anonymous_4)
FN:61,(anonymous_5)
FN:63,(anonymous_6)
FN:85,(anonymous_7)
FN:94,(anonymous_8)
FN:99,(anonymous_9)
FN:100,(anonymous_10)
FNF:11
FNH:11
FNDA:29,(anonymous_0)
FNDA:9,(anonymous_1)
FNDA:69,(anonymous_2)
FNDA:29,(anonymous_3)
FNDA:15,(anonymous_4)
FNDA:7,(anonymous_5)
FNDA:26,(anonymous_6)
FNDA:1,(anonymous_7)
FNDA:18,(anonymous_8)
FNDA:20,(anonymous_9)
FNDA:20,(anonymous_10)
DA:27,4
DA:28,29
DA:30,29
DA:31,1
DA:34,29
DA:36,29
DA:37,29
DA:40,9
DA:42,4
DA:50,69
DA:51,69
DA:53,69
DA:54,29
DA:55,29
DA:56,29
DA:59,69
DA:60,15
DA:61,69
DA:63,69
DA:64,26
DA:65,26
DA:68,6
DA:69,6
DA:70,6
DA:73,1
DA:74,1
DA:75,1
DA:79,1
DA:80,1
DA:81,1
DA:85,69
DA:86,1
DA:87,1
DA:88,1
DA:89,1
DA:90,1
DA:94,69
DA:95,18
DA:96,18
DA:99,69
DA:100,20
DA:101,20
DA:102,20
DA:103,1
DA:104,1
DA:106,20
DA:107,1
DA:108,1
DA:110,20
DA:111,20
DA:115,69
DA:132,4
LF:52
LH:52
BRDA:30,0,0,1
BRDA:30,0,1,28
BRDA:34,1,0,1
BRDA:34,1,1,28
BRDA:36,2,0,1
BRDA:36,2,1,28
BRDA:65,3,0,6
BRDA:65,3,1,1
BRDA:65,3,2,1
BRDA:65,3,3,1
BRDA:102,4,0,1
BRDA:102,4,1,19
BRDA:106,5,0,1
BRDA:106,5,1,19
BRF:14
BRH:14
end_of_record
TN:
SF:src/Timeline/PlayControls.tsx
FN:8,(anonymous_0)
FN:28,(anonymous_1)
FN:45,(anonymous_2)
FNF:3
FNH:3
FNDA:3,(anonymous_0)
FNDA:3,(anonymous_1)
FNDA:3,(anonymous_2)
DA:8,3
DA:9,3
DA:28,3
DA:29,3
DA:30,3
DA:31,3
DA:33,3
DA:45,3
DA:46,3
DA:47,3
DA:49,3
LF:11
LH:11
BRF:0
BRH:0
end_of_record
TN:
SF:src/Timeline/Playhead.tsx
FN:5,(anonymous_0)
FNF:1
FNH:1
FNDA:9,(anonymous_0)
DA:5,3
DA:6,9
DA:7,9
DA:8,9
DA:10,9
LF:5
LH:5
BRF:0
BRH:0
end_of_record
TN:
SF:src/Timeline/Ruler.tsx
FN:8,(anonymous_0)
FN:14,(anonymous_1)
FN:22,(anonymous_2)
FN:24,(anonymous_3)
FN:27,(anonymous_4)
FN:30,(anonymous_5)
FNF:6
FNH:6
FNDA:8,(anonymous_0)
FNDA:7,(anonymous_1)
FNDA:1,(anonymous_2)
FNDA:1,(anonymous_3)
FNDA:6,(anonymous_4)
FNDA:6,(anonymous_5)
DA:8,3
DA:9,8
DA:10,8
DA:11,8
DA:12,8
DA:13,8
DA:14,7
DA:22,8
DA:23,1
DA:24,8
DA:25,1
DA:27,8
DA:28,6
DA:29,6
DA:30,6
DA:31,6
DA:35,8
DA:58,3
LF:18
LH:18
BRF:0
BRH:0
end_of_record
TN:
SF:src/Timeline/Segment.tsx
FN:6,(anonymous_0)
FNF:1
FNH:1
FNDA:31,(anonymous_0)
DA:6,4
DA:7,31
DA:9,31
DA:20,4
LF:4
LH:4
BRF:0
BRH:0
end_of_record
TN:
SF:src/Timeline/Timeline.store.ts
FN:17,(anonymous_0)
FN:21,(anonymous_1)
FN:23,(anonymous_2)
FN:25,(anonymous_3)
FNF:4
FNH:4
FNDA:8,(anonymous_0)
FNDA:5,(anonymous_1)
FNDA:7,(anonymous_2)
FNDA:4,(anonymous_3)
DA:15,8
DA:17,8
DA:22,5
DA:24,7
DA:26,4
DA:34,8
LF:6
LH:6
BRF:0
BRH:0
end_of_record
TN:
SF:src/Timeline/Timeline.tsx
FN:9,(anonymous_0)
FNF:1
FNH:1
FNDA:2,(anonymous_0)
DA:9,2
DA:10,2
DA:11,2
DA:12,2
DA:13,2
DA:14,2
DA:16,2
LF:7
LH:7
BRF:0
BRH:0
end_of_record
TN:
SF:src/Timeline/TrackList.tsx
FN:7,(anonymous_0)
FN:16,(anonymous_1)
FNF:2
FNH:2
FNDA:3,(anonymous_0)
FNDA:30,(anonymous_1)
DA:6,3
DA:8,3
DA:17,30
LF:3
LH:3
BRF:0
BRH:0
end_of_record
TN:
SF:src/hooks/useSyncScroll.ts
FN:3,(anonymous_0)
FN:7,(anonymous_1)
FN:8,(anonymous_2)
FN:12,(anonymous_3)
FN:13,(anonymous_4)
FN:19,(anonymous_5)
FN:21,(anonymous_6)
FN:23,(anonymous_7)
FN:27,(anonymous_8)
FNF:9
FNH:9
FNDA:7,(anonymous_0)
FNDA:7,(anonymous_1)
FNDA:14,(anonymous_2)
FNDA:7,(anonymous_3)
FNDA:14,(anonymous_4)
FNDA:4,(anonymous_5)
FNDA:8,(anonymous_6)
FNDA:2,(anonymous_7)
FNDA:2,(anonymous_8)
DA:3,3
DA:7,7
DA:8,7
DA:9,14
DA:12,7
DA:13,7
DA:14,14
DA:19,7
DA:20,4
DA:21,8
DA:22,4
DA:23,2
DA:24,2
DA:27,2
DA:28,2
LF:15
LH:15
BRDA:22,0,0,2
BRDA:22,0,1,2
BRDA:22,1,0,4
BRDA:22,1,1,2
BRF:4
BRH:4
end_of_record
TN:
SF:src/utils/index.ts
FN:5,(anonymous_0)
FN:13,(anonymous_1)
FN:19,(anonymous_2)
FN:19,(anonymous_3)
FNF:4
FNH:4
FNDA:5,(anonymous_0)
FNDA:8,(anonymous_1)
FNDA:96,(anonymous_2)
FNDA:172,(anonymous_3)
DA:5,10
DA:6,5
DA:13,10
DA:16,8
DA:17,8
DA:18,8
DA:19,172
DA:22,8
LF:8
LH:8
BRF:0
BRH:0
end_of_record
